[0m[[0m[0mdebug[0m] [0m[0m> Exec(early(addDefaultCommands), None, None)[0m
[0m[[0m[0mdebug[0m] [0m[0m> Exec(addDefaultCommands, None, None)[0m
[0m[[0m[0mdebug[0m] [0m[0m> Exec(early(initialize), None, None)[0m
[0m[[0m[0mdebug[0m] [0m[0m> Exec(initialize, None, None)[0m
[0m[[0m[0mdebug[0m] [0m[0m> Exec(early(addPluginSbtFile="""/private/var/folders/_9/7153h1993dqc672g112stpkd94w4mf/T/idea1.sbt"""), None, None)[0m
[0m[[0m[0mdebug[0m] [0m[0m> Exec(addPluginSbtFile="""/private/var/folders/_9/7153h1993dqc672g112stpkd94w4mf/T/idea1.sbt""", None, None)[0m
[0m[[0m[0mdebug[0m] [0m[0m> Exec(boot, None, None)[0m
[0m[[0m[0mdebug[0m] [0m[0m> Exec(writeSbtVersion, None, None)[0m
[0m[[0m[0mdebug[0m] [0m[0m> Exec(reload, None, None)[0m
[0m[[0m[0mdebug[0m] [0m[0m> Exec(sbtStashOnFailure, None, None)[0m
[0m[[0m[0mdebug[0m] [0m[0m> Exec(onFailure loadFailed, None, None)[0m
[0m[[0m[0mdebug[0m] [0m[0m> Exec(loadp, None, None)[0m
[0m[[0m[0minfo[0m] [0m[0mwelcome to sbt 1.4.9 (AdoptOpenJDK Java 11.0.11)[0m
[0m[[0m[0mdebug[0m] [0m[0m      Load.loadUnit: plugins took 131.771139ms[0m
[0m[[0m[0mdebug[0m] [0m[0m      Load.loadUnit: defsScala took 0.440056ms[0m
[0m[[0m[0mdebug[0m] [0m[0m[Loading] Scanning directory /Users/ruassd/.sbt/1.0/plugins[0m
[0m[[0m[0mdebug[0m] [0m[0m[Loading] Found non-root projects [0m
[0m[[0m[0mdebug[0m] [0m[0m[Loading] Done in /Users/ruassd/.sbt/1.0/plugins, returning: ()[0m
[0m[[0m[0mdebug[0m] [0m[0mdeducing auto plugins based on known facts Set(Atom(sbt.plugins.CorePlugin)) and clauses Clauses(List(Clause(Atom(sbt.plugins.JvmPlugin),Set(Atom(sbt.plugins.IvyPlugin))), Clause(Atom(sbt.ScriptedPlugin),Set(Atom(sbt.plugins.JvmPlugin))), Clause(Atom(sbt.plugins.SbtPlugin),Set(Atom(sbt.ScriptedPlugin))), Clause(Atom(sbt.plugins.SemanticdbPlugin),Set(Atom(sbt.plugins.JvmPlugin))), Clause(Atom(sbt.plugins.JUnitXmlReportPlugin),Set(Atom(sbt.plugins.JvmPlugin))), Clause(Atom(sbt.plugins.MiniDependencyTreePlugin),Set(Atom(sbt.plugins.JvmPlugin))), Clause(Atom(sbt.plugins.CorePlugin),Set(Atom(sbt.plugins.IvyPlugin))), Clause(Atom(sbt.plugins.IvyPlugin),Set(Atom(sbt.plugins.JvmPlugin))), Clause(Atom(sbt.plugins.JvmPlugin),Set(Atom(sbt.plugins.SemanticdbPlugin))), Clause(Atom(sbt.plugins.JvmPlugin),Set(Atom(sbt.plugins.JUnitXmlReportPlugin))), Clause(Atom(sbt.plugins.CorePlugin),Set(Atom(sbt.plugins.Giter8TemplatePlugin))), Clause(Atom(sbt.plugins.JvmPlugin),Set(Atom(sbt.plugins.MiniDependencyTreePlugin)))))[0m
[0m[[0m[0mdebug[0m] [0m[0m  :: deduced result: Matched(sbt.plugins.CorePlugin,sbt.plugins.Giter8TemplatePlugin,sbt.plugins.IvyPlugin,sbt.plugins.JvmPlugin,sbt.plugins.MiniDependencyTreePlugin,sbt.plugins.JUnitXmlReportPlugin,sbt.plugins.SemanticdbPlugin)[0m
[0m[[0m[0mdebug[0m] [0m[0mPlugins.deducer#function took 25.942257 ms[0m
[0m[[0m[0mdebug[0m] [0m[0m          Load.resolveProject(global-plugins) took 56.073898ms[0m
[0m[[0m[0mdebug[0m] [0m[0m        Load.loadTransitive: finalizeProject(Project(id global-plugins, base: /Users/ruassd/.sbt/1.0/plugins, plugins: List(<none>))) took 117.665881ms[0m
[0m[[0m[0mdebug[0m] [0m[0m[Loading] Done in /Users/ruassd/.sbt/1.0/plugins, returning: (global-plugins)[0m
[0m[[0m[0mdebug[0m] [0m[0m      Load.loadUnit: loadedProjectsRaw took 143.404064ms[0m
[0m[[0m[0mdebug[0m] [0m[0m      Load.loadUnit: cleanEvalClasses took 0.289185ms[0m
[0m[[0m[0mdebug[0m] [0m[0m    Load.loadUnit(file:/Users/ruassd/.sbt/1.0/plugins/, ...) took 287.903327ms[0m
[0m[[0m[0mdebug[0m] [0m[0m  Load.apply: load took 634.929957ms[0m
[0m[[0m[0mdebug[0m] [0m[0m  Load.apply: resolveProjects took 6.762671ms[0m
[0m[[0m[0mdebug[0m] [0m[0m  Load.apply: finalTransforms took 60.421036ms[0m
[0m[[0m[0mdebug[0m] [0m[0m  Load.apply: config.delegates took 7.698346ms[0m
[0m[[0m[0mdebug[0m] [0m[0m  Load.apply: Def.make(settings)... took 369.450379ms[0m
[0m[[0m[0mdebug[0m] [0m[0m  Load.apply: structureIndex took 108.422437ms[0m
[0m[[0m[0mdebug[0m] [0m[0m  Load.apply: mkStreams took 2.30046ms[0m
[0m[[0m[0minfo[0m] [0m[0mloading global plugins from /Users/ruassd/.sbt/1.0/plugins[0m
[0m[[0m[0mdebug[0m] [0m[0mRunning task... Cancel: Signal, check cycles: false, forcegc: true[0m
[0m[[0m[0mdebug[0m] [0m[0mLoad.defaultLoad until apply took 2923.611201ms[0m
[0m[[0m[0mdebug[0m] [0m[0m          Load.loadUnit: plugins took 17.175273ms[0m
[0m[[0m[0mdebug[0m] [0m[0m          Load.loadUnit: defsScala took 0.004243ms[0m
[0m[[0m[0mdebug[0m] [0m[0m[Loading] Scanning directory /Users/ruassd/trn/Scala/ecosystem/0_ДЗ/spark_ecosystem/21_project/project[0m
[0m[[0m[0mdebug[0m] [0m[0m            Load.loadUnit: mkEval took 7.620988ms[0m
[0m[[0m[0mdebug[0m] [0m[0m[Loading] Found non-root projects [0m
[0m[[0m[0mdebug[0m] [0m[0m[Loading] Done in /Users/ruassd/trn/Scala/ecosystem/0_ДЗ/spark_ecosystem/21_project/project, returning: ()[0m
[0m[[0m[0mdebug[0m] [0m[0mdeducing auto plugins based on known facts Set(Atom(sbt.plugins.CorePlugin)) and clauses Clauses(List(Clause(Atom(sbt.plugins.JvmPlugin),Set(Atom(sbt.plugins.IvyPlugin))), Clause(Atom(sbt.ScriptedPlugin),Set(Atom(sbt.plugins.JvmPlugin))), Clause(Atom(sbt.plugins.SbtPlugin),Set(Atom(sbt.ScriptedPlugin))), Clause(Atom(sbt.plugins.SemanticdbPlugin),Set(Atom(sbt.plugins.JvmPlugin))), Clause(Atom(sbt.plugins.JUnitXmlReportPlugin),Set(Atom(sbt.plugins.JvmPlugin))), Clause(Atom(sbt.plugins.MiniDependencyTreePlugin),Set(Atom(sbt.plugins.JvmPlugin))), Clause(Atom(sbt.plugins.CorePlugin),Set(Atom(sbt.plugins.IvyPlugin))), Clause(Atom(sbt.plugins.IvyPlugin),Set(Atom(sbt.plugins.JvmPlugin))), Clause(Atom(sbt.plugins.JvmPlugin),Set(Atom(sbt.plugins.SemanticdbPlugin))), Clause(Atom(sbt.plugins.JvmPlugin),Set(Atom(sbt.plugins.JUnitXmlReportPlugin))), Clause(Atom(sbt.plugins.CorePlugin),Set(Atom(sbt.plugins.Giter8TemplatePlugin))), Clause(Atom(sbt.plugins.JvmPlugin),Set(Atom(sbt.plugins.MiniDependencyTreePlugin)))))[0m
[0m[[0m[0mdebug[0m] [0m[0m  :: deduced result: Matched(sbt.plugins.CorePlugin,sbt.plugins.Giter8TemplatePlugin,sbt.plugins.IvyPlugin,sbt.plugins.JvmPlugin,sbt.plugins.MiniDependencyTreePlugin,sbt.plugins.JUnitXmlReportPlugin,sbt.plugins.SemanticdbPlugin)[0m
[0m[[0m[0mdebug[0m] [0m[0mPlugins.deducer#function took 2.227695 ms[0m
[0m[[0m[0minfo[0m] [0m[0mloading settings for project root-21_project-build from assembly.sbt,idea1.sbt ...[0m
[0m[[0m[0mdebug[0m] [0m[0m              Load.resolveProject(root-21_project-build) took 3.339035ms[0m
[0m[[0m[0mdebug[0m] [0m[0m            Load.loadTransitive: finalizeProject(Project(id root-21_project-build, base: /Users/ruassd/trn/Scala/ecosystem/0_ДЗ/spark_ecosystem/21_project/project, plugins: List(<none>))) took 6.317209ms[0m
[0m[[0m[0mdebug[0m] [0m[0m[Loading] Done in /Users/ruassd/trn/Scala/ecosystem/0_ДЗ/spark_ecosystem/21_project/project, returning: (root-21_project-build)[0m
[0m[[0m[0mdebug[0m] [0m[0m          Load.loadUnit: loadedProjectsRaw took 141.433356ms[0m
[0m[[0m[0mdebug[0m] [0m[0m          Load.loadUnit: cleanEvalClasses took 4.94345ms[0m
[0m[[0m[0mdebug[0m] [0m[0m        Load.loadUnit(file:/Users/ruassd/trn/Scala/ecosystem/0_ДЗ/spark_ecosystem/21_project/project/, ...) took 164.422888ms[0m
[0m[[0m[0mdebug[0m] [0m[0m      Load.apply: load took 166.224897ms[0m
[0m[[0m[0mdebug[0m] [0m[0m      Load.apply: resolveProjects took 0.091081ms[0m
[0m[[0m[0mdebug[0m] [0m[0m      Load.apply: finalTransforms took 39.004028ms[0m
[0m[[0m[0mdebug[0m] [0m[0m      Load.apply: config.delegates took 0.464041ms[0m
[0m[[0m[0mdebug[0m] [0m[0m      Load.apply: Def.make(settings)... took 120.770952ms[0m
[0m[[0m[0mdebug[0m] [0m[0m      Load.apply: structureIndex took 41.831823ms[0m
[0m[[0m[0mdebug[0m] [0m[0m      Load.apply: mkStreams took 0.00296ms[0m
[0m[[0m[0minfo[0m] [0m[0mloading project definition from /Users/ruassd/trn/Scala/ecosystem/0_ДЗ/spark_ecosystem/21_project/project[0m
[0m[[0m[0mdebug[0m] [0m[0mRunning task... Cancel: Signal, check cycles: false, forcegc: true[0m
[0m[[0m[0mdebug[0m] [0m[0m    Load.loadUnit: plugins took 698.81499ms[0m
[0m[[0m[0mdebug[0m] [0m[0m    Load.loadUnit: defsScala took 0.004882ms[0m
[0m[[0m[0mdebug[0m] [0m[0m[Loading] Scanning directory /Users/ruassd/trn/Scala/ecosystem/0_ДЗ/spark_ecosystem/21_project[0m
[0m[[0m[0mdebug[0m] [0m[0m      Load.loadUnit: mkEval took 0.339175ms[0m
[0m[[0m[0mdebug[0m] [0m[0m[Loading] Found root project parser w/ remaining [0m
[0m[[0m[0mdebug[0m] [0m[0mdeducing auto plugins based on known facts Set(Atom(sbt.plugins.CorePlugin)) and clauses Clauses(List(Clause(Atom(sbt.plugins.JvmPlugin),Set(Atom(sbt.plugins.IvyPlugin))), Clause(Atom(sbt.ScriptedPlugin),Set(Atom(sbt.plugins.JvmPlugin))), Clause(Atom(sbt.plugins.SbtPlugin),Set(Atom(sbt.ScriptedPlugin))), Clause(Atom(sbt.plugins.SemanticdbPlugin),Set(Atom(sbt.plugins.JvmPlugin))), Clause(Atom(sbt.plugins.JUnitXmlReportPlugin),Set(Atom(sbt.plugins.JvmPlugin))), Clause(Atom(sbt.plugins.MiniDependencyTreePlugin),Set(Atom(sbt.plugins.JvmPlugin))), Clause(Atom(sbtassembly.AssemblyPlugin),Set(Atom(sbt.plugins.JvmPlugin))), Clause(Atom(org.jetbrains.sbt.StructurePlugin),Set(Atom(sbt.plugins.JvmPlugin))), Clause(Atom(org.jetbrains.sbt.IdeaShellPlugin),Set(Atom(sbt.plugins.JvmPlugin))), Clause(Atom(org.jetbrains.sbt.indices.SbtIntellijIndicesPlugin),Set(Atom(sbt.plugins.JvmPlugin))), Clause(Atom(sbt.plugins.CorePlugin),Set(Atom(sbt.plugins.IvyPlugin))), Clause(Atom(sbt.plugins.IvyPlugin),Set(Atom(sbt.plugins.JvmPlugin))), Clause(Atom(sbt.plugins.JvmPlugin),Set(Atom(sbt.plugins.SemanticdbPlugin))), Clause(Atom(sbt.plugins.JvmPlugin),Set(Atom(sbt.plugins.JUnitXmlReportPlugin))), Clause(Atom(sbt.plugins.CorePlugin),Set(Atom(sbt.plugins.Giter8TemplatePlugin))), Clause(Atom(sbt.plugins.JvmPlugin),Set(Atom(sbt.plugins.MiniDependencyTreePlugin))), Clause(Atom(sbt.plugins.JvmPlugin),Set(Atom(sbtassembly.AssemblyPlugin))), Clause(Atom(sbt.plugins.JvmPlugin),Set(Atom(org.jetbrains.sbt.StructurePlugin))), Clause(Atom(sbt.plugins.JvmPlugin),Set(Atom(org.jetbrains.sbt.IdeaShellPlugin))), Clause(And(Set(Atom(sbt.plugins.CorePlugin), Atom(sbt.plugins.JvmPlugin))),Set(Atom(org.jetbrains.sbt.indices.SbtIntellijIndicesPlugin)))))[0m
[0m[[0m[0mdebug[0m] [0m[0m  :: deduced result: Matched(sbt.plugins.CorePlugin,sbt.plugins.Giter8TemplatePlugin,sbt.plugins.IvyPlugin,sbt.plugins.JvmPlugin,sbt.plugins.SemanticdbPlugin,org.jetbrains.sbt.indices.SbtIntellijIndicesPlugin,sbt.plugins.JUnitXmlReportPlugin,sbtassembly.AssemblyPlugin,org.jetbrains.sbt.IdeaShellPlugin,org.jetbrains.sbt.StructurePlugin,sbt.plugins.MiniDependencyTreePlugin)[0m
[0m[[0m[0mdebug[0m] [0m[0mPlugins.deducer#function took 1.618861 ms[0m
[0m[[0m[0minfo[0m] [0m[0mloading settings for project parser from build.sbt ...[0m
[0m[[0m[0mdebug[0m] [0m[0m        Load.resolveProject(parser) took 45.677765ms[0m
[0m[[0m[0mdebug[0m] [0m[0m      Load.loadTransitive: finalizeProject(Project(id parser, base: /Users/ruassd/trn/Scala/ecosystem/0_ДЗ/spark_ecosystem/21_project, plugins: List(<none>))) took 49.188848ms[0m
[0m[[0m[0mdebug[0m] [0m[0m[Loading] Done in /Users/ruassd/trn/Scala/ecosystem/0_ДЗ/spark_ecosystem/21_project, returning: (parser)[0m
[0m[[0m[0mdebug[0m] [0m[0m    Load.loadUnit: loadedProjectsRaw took 91.454394ms[0m
[0m[[0m[0mdebug[0m] [0m[0m    Load.loadUnit: cleanEvalClasses took 2.032056ms[0m
[0m[[0m[0mdebug[0m] [0m[0m  Load.loadUnit(file:/Users/ruassd/trn/Scala/ecosystem/0_ДЗ/spark_ecosystem/21_project/, ...) took 792.856381ms[0m
[0m[[0m[0mdebug[0m] [0m[0mLoad.apply: load took 795.363391ms[0m
[0m[[0m[0mdebug[0m] [0m[0mLoad.apply: resolveProjects took 0.084016ms[0m
[0m[[0m[0mdebug[0m] [0m[0mLoad.apply: finalTransforms took 32.252987ms[0m
[0m[[0m[0mdebug[0m] [0m[0mLoad.apply: config.delegates took 0.309322ms[0m
[0m[[0m[0mdebug[0m] [0m[0mLoad.apply: Def.make(settings)... took 89.546239ms[0m
[0m[[0m[0mdebug[0m] [0m[0mLoad.apply: structureIndex took 27.831767ms[0m
[0m[[0m[0mdebug[0m] [0m[0mLoad.apply: mkStreams took 0.002401ms[0m
[0m[[0m[0minfo[0m] [0m[0mset current project to kafka-app (in build file:/Users/ruassd/trn/Scala/ecosystem/0_ДЗ/spark_ecosystem/21_project/)[0m
[0m[[0m[0mdebug[0m] [0m[0m> Exec(sbtPopOnFailure, None, None)[0m
[0m[[0m[0mdebug[0m] [0m[0m> Exec(resumeFromFailure, None, None)[0m
[0m[[0m[0mdebug[0m] [0m[0m> Exec(notifyUsersAboutShell, None, None)[0m
[0m[[0m[0mdebug[0m] [0m[0m> Exec(iflast shell, None, None)[0m
[0m[[0m[0mdebug[0m] [0m[0m> Exec(; set ideaPort in Global := 52697 ; idea-shell, None, None)[0m
[0m[[0m[0mdebug[0m] [0m[0m> Exec(set ideaPort in Global := 52697, None, None)[0m
[0m[[0m[0minfo[0m] [0m[0mDefining Global / ideaPort[0m
[0m[[0m[0minfo[0m] [0m[0mThe new value will be used by Compile / compile, Test / compile[0m
[0m[[0m[0mdebug[0m] [0m[0mDefining [0m
[0m[[0m[0mdebug[0m] [0m[0m	Global / ideaPort[0m
[0m[[0m[0mdebug[0m] [0m[0m[0m
[0m[[0m[0mdebug[0m] [0m[0mThe new value will be used by [0m
[0m[[0m[0mdebug[0m] [0m[0m	Compile / compile[0m
[0m[[0m[0mdebug[0m] [0m[0m	Test / compile[0m
[0m[[0m[0minfo[0m] [0m[0mReapplying settings...[0m
[0m[[0m[0minfo[0m] [0m[0mset current project to kafka-app (in build file:/Users/ruassd/trn/Scala/ecosystem/0_ДЗ/spark_ecosystem/21_project/)[0m
[0m[[0m[0mdebug[0m] [0m[0m> Exec(idea-shell, None, None)[0m
[0m[[0m[0mdebug[0m] [0m[0m> Exec(, None, None)[0m
[0m[[0m[0mdebug[0m] [0m[0m> Exec(idea-shell, None, None)[0m
[0m[[0m[0mdebug[0m] [0m[0m> Exec(, None, None)[0m
[0m[[0m[0mdebug[0m] [0m[0m> Exec(idea-shell, None, None)[0m
